# JRE version: OpenJDK Runtime Environment Temurin-21.0.7+6 (21.0.7+6) (build 21.0.7+6-LTS)
# Java VM: OpenJDK 64-Bit Server VM Temurin-21.0.7+6 (21.0.7+6-LTS, mixed mode, sharing, tiered, compressed oops, compressed class ptrs, parallel gc, windows-amd64)
GC Precious Log:
 CardTable entry size: 512
 CPUs: 12 total, 12 available
 Memory: 7830M
 Large Page Support: Disabled
 NUMA Support: Disabled
 Compressed Oops: Enabled (32-bit)
 Alignments: Space 512K, Generation 512K, Heap 2M
 Heap Min Capacity: 100M
 Heap Initial Capacity: 100M
 Heap Max Capacity: 1G
 Pre-touch: Disabled
 Parallel Workers: 10
Heap:
 PSYoungGen      total 10752K, used 2815K [0x00000000eab00000, 0x00000000eb680000, 0x0000000100000000)
  eden space 9728K, 19% used [0x00000000eab00000,0x00000000eacd7cc0,0x00000000eb480000)
  from space 1024K, 90% used [0x00000000eb580000,0x00000000eb668000,0x00000000eb680000)
  to   space 1024K, 0% used [0x00000000eb480000,0x00000000eb480000,0x00000000eb580000)
 ParOldGen       total 449536K, used 449407K [0x00000000c0000000, 0x00000000db700000, 0x00000000eab00000)
  object space 449536K, 99% used [0x00000000c0000000,0x00000000db6dff28,0x00000000db700000)
 Metaspace       used 75459K, committed 77376K, reserved 1179648K
  class space    used 7392K, committed 8192K, reserved 1048576K
GC Heap History (20 events):
Event: 97.450 GC heap before
{Heap before GC invocations=2543 (full 4):
 PSYoungGen      total 9216K, used 8681K [0x00000000eab00000, 0x00000000eb500000, 0x0000000100000000)
  eden space 8192K, 100% used [0x00000000eab00000,0x00000000eb300000,0x00000000eb300000)
  from space 1024K, 47% used [0x00000000eb300000,0x00000000eb37a400,0x00000000eb400000)
  to   space 1024K, 0% used [0x00000000eb400000,0x00000000eb400000,0x00000000eb500000)
 ParOldGen       total 444928K, used 444470K [0x00000000c0000000, 0x00000000db280000, 0x00000000eab00000)
  object space 444928K, 99% used [0x00000000c0000000,0x00000000db20da40,0x00000000db280000)
 Metaspace       used 74619K, committed 76480K, reserved 1179648K
  class space    used 7278K, committed 8064K, reserved 1048576K
}
Event: 97.452 GC heap after
{Heap after GC invocations=2543 (full 4):
 PSYoungGen      total 9216K, used 809K [0x00000000eab00000, 0x00000000eb500000, 0x0000000100000000)
  eden space 8192K, 0% used [0x00000000eab00000,0x00000000eab00000,0x00000000eb300000)
  from space 1024K, 79% used [0x00000000eb400000,0x00000000eb4ca738,0x00000000eb500000)
  to   space 1024K, 0% used [0x00000000eb300000,0x00000000eb300000,0x00000000eb400000)
 ParOldGen       total 444928K, used 444703K [0x00000000c0000000, 0x00000000db280000, 0x00000000eab00000)
  object space 444928K, 99% used [0x00000000c0000000,0x00000000db247e40,0x00000000db280000)
 Metaspace       used 74619K, committed 76480K, reserved 1179648K
  class space    used 7278K, committed 8064K, reserved 1048576K
}
Event: 97.465 GC heap before
{Heap before GC invocations=2544 (full 4):
 PSYoungGen      total 9216K, used 9001K [0x00000000eab00000, 0x00000000eb500000, 0x0000000100000000)
  eden space 8192K, 100% used [0x00000000eab00000,0x00000000eb300000,0x00000000eb300000)
  from space 1024K, 79% used [0x00000000eb400000,0x00000000eb4ca738,0x00000000eb500000)
  to   space 1024K, 0% used [0x00000000eb300000,0x00000000eb300000,0x00000000eb400000)
 ParOldGen       total 444928K, used 444703K [0x00000000c0000000, 0x00000000db280000, 0x00000000eab00000)
  object space 444928K, 99% used [0x00000000c0000000,0x00000000db247e40,0x00000000db280000)
 Metaspace       used 74619K, committed 76480K, reserved 1179648K
  class space    used 7278K, committed 8064K, reserved 1048576K
}
Event: 97.476 GC heap after
{Heap after GC invocations=2544 (full 4):
 PSYoungGen      total 9216K, used 288K [0x00000000eab00000, 0x00000000eb480000, 0x0000000100000000)
  eden space 8192K, 0% used [0x00000000eab00000,0x00000000eab00000,0x00000000eb300000)
  from space 1024K, 28% used [0x00000000eb300000,0x00000000eb348000,0x00000000eb400000)
  to   space 512K, 0% used [0x00000000eb400000,0x00000000eb400000,0x00000000eb480000)
 ParOldGen       total 445440K, used 445367K [0x00000000c0000000, 0x00000000db300000, 0x00000000eab00000)
  object space 445440K, 99% used [0x00000000c0000000,0x00000000db2edf28,0x00000000db300000)
 Metaspace       used 74619K, committed 76480K, reserved 1179648K
  class space    used 7278K, committed 8064K, reserved 1048576K
}
Event: 97.500 GC heap before
{Heap before GC invocations=2545 (full 4):
 PSYoungGen      total 9216K, used 8480K [0x00000000eab00000, 0x00000000eb480000, 0x0000000100000000)
  eden space 8192K, 100% used [0x00000000eab00000,0x00000000eb300000,0x00000000eb300000)
  from space 1024K, 28% used [0x00000000eb300000,0x00000000eb348000,0x00000000eb400000)
  to   space 512K, 0% used [0x00000000eb400000,0x00000000eb400000,0x00000000eb480000)
 ParOldGen       total 445440K, used 445367K [0x00000000c0000000, 0x00000000db300000, 0x00000000eab00000)
  object space 445440K, 99% used [0x00000000c0000000,0x00000000db2edf28,0x00000000db300000)
 Metaspace       used 74619K, committed 76480K, reserved 1179648K
  class space    used 7278K, committed 8064K, reserved 1048576K
}
Event: 97.502 GC heap after
{Heap after GC invocations=2545 (full 4):
 PSYoungGen      total 8704K, used 288K [0x00000000eab00000, 0x00000000eb480000, 0x0000000100000000)
  eden space 8192K, 0% used [0x00000000eab00000,0x00000000eab00000,0x00000000eb300000)
  from space 512K, 56% used [0x00000000eb400000,0x00000000eb448000,0x00000000eb480000)
  to   space 512K, 0% used [0x00000000eb380000,0x00000000eb380000,0x00000000eb400000)
 ParOldGen       total 445952K, used 445527K [0x00000000c0000000, 0x00000000db380000, 0x00000000eab00000)
  object space 445952K, 99% used [0x00000000c0000000,0x00000000db315f28,0x00000000db380000)
 Metaspace       used 74619K, committed 76480K, reserved 1179648K
  class space    used 7278K, committed 8064K, reserved 1048576K
}
Event: 97.511 GC heap before
{Heap before GC invocations=2546 (full 4):
 PSYoungGen      total 8704K, used 8480K [0x00000000eab00000, 0x00000000eb480000, 0x0000000100000000)
  eden space 8192K, 100% used [0x00000000eab00000,0x00000000eb300000,0x00000000eb300000)
  from space 512K, 56% used [0x00000000eb400000,0x00000000eb448000,0x00000000eb480000)
  to   space 512K, 0% used [0x00000000eb380000,0x00000000eb380000,0x00000000eb400000)
 ParOldGen       total 445952K, used 445527K [0x00000000c0000000, 0x00000000db380000, 0x00000000eab00000)
  object space 445952K, 99% used [0x00000000c0000000,0x00000000db315f28,0x00000000db380000)
 Metaspace       used 74619K, committed 76480K, reserved 1179648K
  class space    used 7278K, committed 8064K, reserved 1048576K
}
Event: 97.512 GC heap after
{Heap after GC invocations=2546 (full 4):
 PSYoungGen      total 8704K, used 256K [0x00000000eab00000, 0x00000000eb480000, 0x0000000100000000)
  eden space 8192K, 0% used [0x00000000eab00000,0x00000000eab00000,0x00000000eb300000)
  from space 512K, 50% used [0x00000000eb380000,0x00000000eb3c0000,0x00000000eb400000)
  to   space 512K, 0% used [0x00000000eb400000,0x00000000eb400000,0x00000000eb480000)
 ParOldGen       total 445952K, used 445703K [0x00000000c0000000, 0x00000000db380000, 0x00000000eab00000)
  object space 445952K, 99% used [0x00000000c0000000,0x00000000db341f28,0x00000000db380000)
 Metaspace       used 74619K, committed 76480K, reserved 1179648K
  class space    used 7278K, committed 8064K, reserved 1048576K
}
Event: 97.568 GC heap before
{Heap before GC invocations=2547 (full 4):
 PSYoungGen      total 8704K, used 8448K [0x00000000eab00000, 0x00000000eb480000, 0x0000000100000000)
  eden space 8192K, 100% used [0x00000000eab00000,0x00000000eb300000,0x00000000eb300000)
  from space 512K, 50% used [0x00000000eb380000,0x00000000eb3c0000,0x00000000eb400000)
  to   space 512K, 0% used [0x00000000eb400000,0x00000000eb400000,0x00000000eb480000)
 ParOldGen       total 445952K, used 445703K [0x00000000c0000000, 0x00000000db380000, 0x00000000eab00000)
  object space 445952K, 99% used [0x00000000c0000000,0x00000000db341f28,0x00000000db380000)
 Metaspace       used 74654K, committed 76480K, reserved 1179648K
  class space    used 7278K, committed 8064K, reserved 1048576K
}
Event: 97.570 GC heap after
{Heap after GC invocations=2547 (full 4):
 PSYoungGen      total 8704K, used 288K [0x00000000eab00000, 0x00000000eb480000, 0x0000000100000000)
  eden space 8192K, 0% used [0x00000000eab00000,0x00000000eab00000,0x00000000eb300000)
  from space 512K, 56% used [0x00000000eb400000,0x00000000eb448000,0x00000000eb480000)
  to   space 512K, 0% used [0x00000000eb380000,0x00000000eb380000,0x00000000eb400000)
 ParOldGen       total 445952K, used 445895K [0x00000000c0000000, 0x00000000db380000, 0x00000000eab00000)
  object space 445952K, 99% used [0x00000000c0000000,0x00000000db371f28,0x00000000db380000)
 Metaspace       used 74654K, committed 76480K, reserved 1179648K
  class space    used 7278K, committed 8064K, reserved 1048576K
}
Event: 97.645 GC heap before
{Heap before GC invocations=2548 (full 4):
 PSYoungGen      total 8704K, used 8480K [0x00000000eab00000, 0x00000000eb480000, 0x0000000100000000)
  eden space 8192K, 100% used [0x00000000eab00000,0x00000000eb300000,0x00000000eb300000)
  from space 512K, 56% used [0x00000000eb400000,0x00000000eb448000,0x00000000eb480000)
  to   space 512K, 0% used [0x00000000eb380000,0x00000000eb380000,0x00000000eb400000)
 ParOldGen       total 445952K, used 445895K [0x00000000c0000000, 0x00000000db380000, 0x00000000eab00000)
  object space 445952K, 99% used [0x00000000c0000000,0x00000000db371f28,0x00000000db380000)
 Metaspace       used 74667K, committed 76544K, reserved 1179648K
  class space    used 7278K, committed 8064K, reserved 1048576K
}
Event: 97.648 GC heap after
{Heap after GC invocations=2548 (full 4):
 PSYoungGen      total 8704K, used 496K [0x00000000eab00000, 0x00000000eb800000, 0x0000000100000000)
  eden space 8192K, 0% used [0x00000000eab00000,0x00000000eab00000,0x00000000eb300000)
  from space 512K, 96% used [0x00000000eb380000,0x00000000eb3fc020,0x00000000eb400000)
  to   space 2560K, 0% used [0x00000000eb580000,0x00000000eb580000,0x00000000eb800000)
 ParOldGen       total 448000K, used 447535K [0x00000000c0000000, 0x00000000db580000, 0x00000000eab00000)
  object space 448000K, 99% used [0x00000000c0000000,0x00000000db50bf28,0x00000000db580000)
 Metaspace       used 74667K, committed 76544K, reserved 1179648K
  class space    used 7278K, committed 8064K, reserved 1048576K
}
Event: 98.158 GC heap before
{Heap before GC invocations=2549 (full 4):
 PSYoungGen      total 8704K, used 8688K [0x00000000eab00000, 0x00000000eb800000, 0x0000000100000000)
  eden space 8192K, 100% used [0x00000000eab00000,0x00000000eb300000,0x00000000eb300000)
  from space 512K, 96% used [0x00000000eb380000,0x00000000eb3fc020,0x00000000eb400000)
  to   space 2560K, 0% used [0x00000000eb580000,0x00000000eb580000,0x00000000eb800000)
 ParOldGen       total 448000K, used 447535K [0x00000000c0000000, 0x00000000db580000, 0x00000000eab00000)
  object space 448000K, 99% used [0x00000000c0000000,0x00000000db50bf28,0x00000000db580000)
 Metaspace       used 74684K, committed 76544K, reserved 1179648K
  class space    used 7278K, committed 8064K, reserved 1048576K
}
Event: 98.160 GC heap after
{Heap after GC invocations=2549 (full 4):
 PSYoungGen      total 8704K, used 192K [0x00000000eab00000, 0x00000000eb600000, 0x0000000100000000)
  eden space 8192K, 0% used [0x00000000eab00000,0x00000000eab00000,0x00000000eb300000)
  from space 512K, 37% used [0x00000000eb580000,0x00000000eb5b0000,0x00000000eb600000)
  to   space 1024K, 0% used [0x00000000eb400000,0x00000000eb400000,0x00000000eb500000)
 ParOldGen       total 448000K, used 447799K [0x00000000c0000000, 0x00000000db580000, 0x00000000eab00000)
  object space 448000K, 99% used [0x00000000c0000000,0x00000000db54df28,0x00000000db580000)
 Metaspace       used 74684K, committed 76544K, reserved 1179648K
  class space    used 7278K, committed 8064K, reserved 1048576K
}
Event: 98.615 GC heap before
{Heap before GC invocations=2550 (full 4):
 PSYoungGen      total 8704K, used 8384K [0x00000000eab00000, 0x00000000eb600000, 0x0000000100000000)
  eden space 8192K, 100% used [0x00000000eab00000,0x00000000eb300000,0x00000000eb300000)
  from space 512K, 37% used [0x00000000eb580000,0x00000000eb5b0000,0x00000000eb600000)
  to   space 1024K, 0% used [0x00000000eb400000,0x00000000eb400000,0x00000000eb500000)
 ParOldGen       total 448000K, used 447799K [0x00000000c0000000, 0x00000000db580000, 0x00000000eab00000)
  object space 448000K, 99% used [0x00000000c0000000,0x00000000db54df28,0x00000000db580000)
 Metaspace       used 74702K, committed 76544K, reserved 1179648K
  class space    used 7278K, committed 8064K, reserved 1048576K
}
Event: 98.637 GC heap after
{Heap after GC invocations=2550 (full 4):
 PSYoungGen      total 9216K, used 992K [0x00000000eab00000, 0x00000000eb800000, 0x0000000100000000)
  eden space 8192K, 0% used [0x00000000eab00000,0x00000000eab00000,0x00000000eb300000)
  from space 1024K, 96% used [0x00000000eb400000,0x00000000eb4f8010,0x00000000eb500000)
  to   space 2560K, 0% used [0x00000000eb580000,0x00000000eb580000,0x00000000eb800000)
 ParOldGen       total 449024K, used 448751K [0x00000000c0000000, 0x00000000db680000, 0x00000000eab00000)
  object space 449024K, 99% used [0x00000000c0000000,0x00000000db63bf28,0x00000000db680000)
 Metaspace       used 74702K, committed 76544K, reserved 1179648K
  class space    used 7278K, committed 8064K, reserved 1048576K
}
Event: 99.192 GC heap before
{Heap before GC invocations=2551 (full 4):
 PSYoungGen      total 9216K, used 9184K [0x00000000eab00000, 0x00000000eb800000, 0x0000000100000000)
  eden space 8192K, 100% used [0x00000000eab00000,0x00000000eb300000,0x00000000eb300000)
  from space 1024K, 96% used [0x00000000eb400000,0x00000000eb4f8010,0x00000000eb500000)
  to   space 2560K, 0% used [0x00000000eb580000,0x00000000eb580000,0x00000000eb800000)
 ParOldGen       total 449024K, used 448751K [0x00000000c0000000, 0x00000000db680000, 0x00000000eab00000)
  object space 449024K, 99% used [0x00000000c0000000,0x00000000db63bf28,0x00000000db680000)
 Metaspace       used 74705K, committed 76544K, reserved 1179648K
  class space    used 7278K, committed 8064K, reserved 1048576K
}
Event: 100.196 GC heap after
{Heap after GC invocations=2551 (full 4):
 PSYoungGen      total 11264K, used 96K [0x00000000eab00000, 0x00000000eb700000, 0x0000000100000000)
  eden space 9728K, 0% used [0x00000000eab00000,0x00000000eab00000,0x00000000eb480000)
  from space 1536K, 6% used [0x00000000eb580000,0x00000000eb598000,0x00000000eb700000)
  to   space 1024K, 0% used [0x00000000eb480000,0x00000000eb480000,0x00000000eb580000)
 ParOldGen       total 449536K, used 449071K [0x00000000c0000000, 0x00000000db700000, 0x00000000eab00000)
  object space 449536K, 99% used [0x00000000c0000000,0x00000000db68bf28,0x00000000db700000)
 Metaspace       used 74705K, committed 76544K, reserved 1179648K
  class space    used 7278K, committed 8064K, reserved 1048576K
}
Event: 101.648 GC heap before
{Heap before GC invocations=2552 (full 4):
 PSYoungGen      total 11264K, used 9824K [0x00000000eab00000, 0x00000000eb700000, 0x0000000100000000)
  eden space 9728K, 100% used [0x00000000eab00000,0x00000000eb480000,0x00000000eb480000)
  from space 1536K, 6% used [0x00000000eb580000,0x00000000eb598000,0x00000000eb700000)
  to   space 1024K, 0% used [0x00000000eb480000,0x00000000eb480000,0x00000000eb580000)
 ParOldGen       total 449536K, used 449071K [0x00000000c0000000, 0x00000000db700000, 0x00000000eab00000)
  object space 449536K, 99% used [0x00000000c0000000,0x00000000db68bf28,0x00000000db700000)
 Metaspace       used 74909K, committed 76800K, reserved 1179648K
  class space    used 7297K, committed 8064K, reserved 1048576K
}
Event: 101.651 GC heap after
{Heap after GC invocations=2552 (full 4):
 PSYoungGen      total 10752K, used 708K [0x00000000eab00000, 0x00000000eb680000, 0x0000000100000000)
  eden space 9728K, 0% used [0x00000000eab00000,0x00000000eab00000,0x00000000eb480000)
  from space 1024K, 69% used [0x00000000eb480000,0x00000000eb5311b8,0x00000000eb580000)
  to   space 1024K, 0% used [0x00000000eb580000,0x00000000eb580000,0x00000000eb680000)
 ParOldGen       total 449536K, used 449087K [0x00000000c0000000, 0x00000000db700000, 0x00000000eab00000)
  object space 449536K, 99% used [0x00000000c0000000,0x00000000db68ff28,0x00000000db700000)
 Metaspace       used 74909K, committed 76800K, reserved 1179648K
  class space    used 7297K, committed 8064K, reserved 1048576K
}

