# JRE version: OpenJDK Runtime Environment Temurin-21.0.7+6 (21.0.7+6) (build 21.0.7+6-LTS)
# Java VM: OpenJDK 64-Bit Server VM Temurin-21.0.7+6 (21.0.7+6-LTS, mixed mode, sharing, tiered, compressed oops, compressed class ptrs, parallel gc, windows-amd64)
GC Precious Log:
 CardTable entry size: 512
 CPUs: 12 total, 12 available
 Memory: 7830M
 Large Page Support: Disabled
 NUMA Support: Disabled
 Compressed Oops: Enabled (32-bit)
 Alignments: Space 512K, Generation 512K, Heap 2M
 Heap Min Capacity: 100M
 Heap Initial Capacity: 100M
 Heap Max Capacity: 1G
 Pre-touch: Disabled
 Parallel Workers: 10
Heap:
 PSYoungGen      total 3584K, used 2639K [0x00000000eab00000, 0x00000000eaf80000, 0x0000000100000000)
  eden space 2560K, 73% used [0x00000000eab00000,0x00000000eacd8f40,0x00000000ead80000)
  from space 1024K, 74% used [0x00000000eae80000,0x00000000eaf3d808,0x00000000eaf80000)
  to   space 1024K, 0% used [0x00000000ead80000,0x00000000ead80000,0x00000000eae80000)
 ParOldGen       total 280064K, used 279783K [0x00000000c0000000, 0x00000000d1180000, 0x00000000eab00000)
  object space 280064K, 99% used [0x00000000c0000000,0x00000000d1139d08,0x00000000d1180000)
 Metaspace       used 55967K, committed 57280K, reserved 1114112K
  class space    used 5860K, committed 6464K, reserved 1048576K
GC Heap History (20 events):
Event: 81.955 GC heap before
{Heap before GC invocations=1373 (full 3):
 PSYoungGen      total 2560K, used 2304K [0x00000000eab00000, 0x00000000eae00000, 0x0000000100000000)
  eden space 2048K, 100% used [0x00000000eab00000,0x00000000ead00000,0x00000000ead00000)
  from space 512K, 50% used [0x00000000ead80000,0x00000000eadc0000,0x00000000eae00000)
  to   space 512K, 0% used [0x00000000ead00000,0x00000000ead00000,0x00000000ead80000)
 ParOldGen       total 277504K, used 277033K [0x00000000c0000000, 0x00000000d0f00000, 0x00000000eab00000)
  object space 277504K, 99% used [0x00000000c0000000,0x00000000d0e8a4b8,0x00000000d0f00000)
 Metaspace       used 55683K, committed 57088K, reserved 1114112K
  class space    used 5839K, committed 6464K, reserved 1048576K
}
Event: 81.956 GC heap after
{Heap after GC invocations=1373 (full 3):
 PSYoungGen      total 2560K, used 256K [0x00000000eab00000, 0x00000000eae80000, 0x0000000100000000)
  eden space 2048K, 0% used [0x00000000eab00000,0x00000000eab00000,0x00000000ead00000)
  from space 512K, 50% used [0x00000000ead00000,0x00000000ead40000,0x00000000ead80000)
  to   space 512K, 0% used [0x00000000eae00000,0x00000000eae00000,0x00000000eae80000)
 ParOldGen       total 277504K, used 277145K [0x00000000c0000000, 0x00000000d0f00000, 0x00000000eab00000)
  object space 277504K, 99% used [0x00000000c0000000,0x00000000d0ea64b8,0x00000000d0f00000)
 Metaspace       used 55683K, committed 57088K, reserved 1114112K
  class space    used 5839K, committed 6464K, reserved 1048576K
}
Event: 81.981 GC heap before
{Heap before GC invocations=1374 (full 3):
 PSYoungGen      total 2560K, used 2304K [0x00000000eab00000, 0x00000000eae80000, 0x0000000100000000)
  eden space 2048K, 100% used [0x00000000eab00000,0x00000000ead00000,0x00000000ead00000)
  from space 512K, 50% used [0x00000000ead00000,0x00000000ead40000,0x00000000ead80000)
  to   space 512K, 0% used [0x00000000eae00000,0x00000000eae00000,0x00000000eae80000)
 ParOldGen       total 277504K, used 277145K [0x00000000c0000000, 0x00000000d0f00000, 0x00000000eab00000)
  object space 277504K, 99% used [0x00000000c0000000,0x00000000d0ea64b8,0x00000000d0f00000)
 Metaspace       used 55701K, committed 57088K, reserved 1114112K
  class space    used 5839K, committed 6464K, reserved 1048576K
}
Event: 81.983 GC heap after
{Heap after GC invocations=1374 (full 3):
 PSYoungGen      total 3072K, used 256K [0x00000000eab00000, 0x00000000eae80000, 0x0000000100000000)
  eden space 2560K, 0% used [0x00000000eab00000,0x00000000eab00000,0x00000000ead80000)
  from space 512K, 50% used [0x00000000eae00000,0x00000000eae40000,0x00000000eae80000)
  to   space 512K, 0% used [0x00000000ead80000,0x00000000ead80000,0x00000000eae00000)
 ParOldGen       total 277504K, used 277265K [0x00000000c0000000, 0x00000000d0f00000, 0x00000000eab00000)
  object space 277504K, 99% used [0x00000000c0000000,0x00000000d0ec44b8,0x00000000d0f00000)
 Metaspace       used 55701K, committed 57088K, reserved 1114112K
  class space    used 5839K, committed 6464K, reserved 1048576K
}
Event: 82.039 GC heap before
{Heap before GC invocations=1375 (full 3):
 PSYoungGen      total 3072K, used 2816K [0x00000000eab00000, 0x00000000eae80000, 0x0000000100000000)
  eden space 2560K, 100% used [0x00000000eab00000,0x00000000ead80000,0x00000000ead80000)
  from space 512K, 50% used [0x00000000eae00000,0x00000000eae40000,0x00000000eae80000)
  to   space 512K, 0% used [0x00000000ead80000,0x00000000ead80000,0x00000000eae00000)
 ParOldGen       total 277504K, used 277265K [0x00000000c0000000, 0x00000000d0f00000, 0x00000000eab00000)
  object space 277504K, 99% used [0x00000000c0000000,0x00000000d0ec44b8,0x00000000d0f00000)
 Metaspace       used 55738K, committed 57088K, reserved 1114112K
  class space    used 5846K, committed 6464K, reserved 1048576K
}
Event: 82.040 GC heap after
{Heap after GC invocations=1375 (full 3):
 PSYoungGen      total 3072K, used 352K [0x00000000eab00000, 0x00000000eae80000, 0x0000000100000000)
  eden space 2560K, 0% used [0x00000000eab00000,0x00000000eab00000,0x00000000ead80000)
  from space 512K, 68% used [0x00000000ead80000,0x00000000eadd8000,0x00000000eae00000)
  to   space 512K, 0% used [0x00000000eae00000,0x00000000eae00000,0x00000000eae80000)
 ParOldGen       total 277504K, used 277337K [0x00000000c0000000, 0x00000000d0f00000, 0x00000000eab00000)
  object space 277504K, 99% used [0x00000000c0000000,0x00000000d0ed64b8,0x00000000d0f00000)
 Metaspace       used 55738K, committed 57088K, reserved 1114112K
  class space    used 5846K, committed 6464K, reserved 1048576K
}
Event: 82.080 GC heap before
{Heap before GC invocations=1376 (full 3):
 PSYoungGen      total 3072K, used 2912K [0x00000000eab00000, 0x00000000eae80000, 0x0000000100000000)
  eden space 2560K, 100% used [0x00000000eab00000,0x00000000ead80000,0x00000000ead80000)
  from space 512K, 68% used [0x00000000ead80000,0x00000000eadd8000,0x00000000eae00000)
  to   space 512K, 0% used [0x00000000eae00000,0x00000000eae00000,0x00000000eae80000)
 ParOldGen       total 277504K, used 277337K [0x00000000c0000000, 0x00000000d0f00000, 0x00000000eab00000)
  object space 277504K, 99% used [0x00000000c0000000,0x00000000d0ed64b8,0x00000000d0f00000)
 Metaspace       used 55753K, committed 57088K, reserved 1114112K
  class space    used 5848K, committed 6464K, reserved 1048576K
}
Event: 82.081 GC heap after
{Heap after GC invocations=1376 (full 3):
 PSYoungGen      total 3072K, used 448K [0x00000000eab00000, 0x00000000eae80000, 0x0000000100000000)
  eden space 2560K, 0% used [0x00000000eab00000,0x00000000eab00000,0x00000000ead80000)
  from space 512K, 87% used [0x00000000eae00000,0x00000000eae70000,0x00000000eae80000)
  to   space 512K, 0% used [0x00000000ead80000,0x00000000ead80000,0x00000000eae00000)
 ParOldGen       total 278016K, used 277553K [0x00000000c0000000, 0x00000000d0f80000, 0x00000000eab00000)
  object space 278016K, 99% used [0x00000000c0000000,0x00000000d0f0c4b8,0x00000000d0f80000)
 Metaspace       used 55753K, committed 57088K, reserved 1114112K
  class space    used 5848K, committed 6464K, reserved 1048576K
}
Event: 82.134 GC heap before
{Heap before GC invocations=1377 (full 3):
 PSYoungGen      total 3072K, used 3004K [0x00000000eab00000, 0x00000000eae80000, 0x0000000100000000)
  eden space 2560K, 99% used [0x00000000eab00000,0x00000000ead7f040,0x00000000ead80000)
  from space 512K, 87% used [0x00000000eae00000,0x00000000eae70000,0x00000000eae80000)
  to   space 512K, 0% used [0x00000000ead80000,0x00000000ead80000,0x00000000eae00000)
 ParOldGen       total 278016K, used 277553K [0x00000000c0000000, 0x00000000d0f80000, 0x00000000eab00000)
  object space 278016K, 99% used [0x00000000c0000000,0x00000000d0f0c4b8,0x00000000d0f80000)
 Metaspace       used 55778K, committed 57152K, reserved 1114112K
  class space    used 5852K, committed 6464K, reserved 1048576K
}
Event: 82.135 GC heap after
{Heap after GC invocations=1377 (full 3):
 PSYoungGen      total 3072K, used 481K [0x00000000eab00000, 0x00000000eaf80000, 0x0000000100000000)
  eden space 2560K, 0% used [0x00000000eab00000,0x00000000eab00000,0x00000000ead80000)
  from space 512K, 94% used [0x00000000ead80000,0x00000000eadf8630,0x00000000eae00000)
  to   space 1024K, 0% used [0x00000000eae80000,0x00000000eae80000,0x00000000eaf80000)
 ParOldGen       total 278016K, used 277918K [0x00000000c0000000, 0x00000000d0f80000, 0x00000000eab00000)
  object space 278016K, 99% used [0x00000000c0000000,0x00000000d0f67ac0,0x00000000d0f80000)
 Metaspace       used 55778K, committed 57152K, reserved 1114112K
  class space    used 5852K, committed 6464K, reserved 1048576K
}
Event: 82.159 GC heap before
{Heap before GC invocations=1378 (full 3):
 PSYoungGen      total 3072K, used 3041K [0x00000000eab00000, 0x00000000eaf80000, 0x0000000100000000)
  eden space 2560K, 100% used [0x00000000eab00000,0x00000000ead80000,0x00000000ead80000)
  from space 512K, 94% used [0x00000000ead80000,0x00000000eadf8630,0x00000000eae00000)
  to   space 1024K, 0% used [0x00000000eae80000,0x00000000eae80000,0x00000000eaf80000)
 ParOldGen       total 278016K, used 277918K [0x00000000c0000000, 0x00000000d0f80000, 0x00000000eab00000)
  object space 278016K, 99% used [0x00000000c0000000,0x00000000d0f67ac0,0x00000000d0f80000)
 Metaspace       used 55786K, committed 57152K, reserved 1114112K
  class space    used 5852K, committed 6464K, reserved 1048576K
}
Event: 82.160 GC heap after
{Heap after GC invocations=1378 (full 3):
 PSYoungGen      total 3584K, used 448K [0x00000000eab00000, 0x00000000eaf80000, 0x0000000100000000)
  eden space 2560K, 0% used [0x00000000eab00000,0x00000000eab00000,0x00000000ead80000)
  from space 1024K, 43% used [0x00000000eae80000,0x00000000eaef0000,0x00000000eaf80000)
  to   space 1024K, 0% used [0x00000000ead80000,0x00000000ead80000,0x00000000eae80000)
 ParOldGen       total 278528K, used 278248K [0x00000000c0000000, 0x00000000d1000000, 0x00000000eab00000)
  object space 278528K, 99% used [0x00000000c0000000,0x00000000d0fba0f0,0x00000000d1000000)
 Metaspace       used 55786K, committed 57152K, reserved 1114112K
  class space    used 5852K, committed 6464K, reserved 1048576K
}
Event: 82.174 GC heap before
{Heap before GC invocations=1379 (full 3):
 PSYoungGen      total 3584K, used 3008K [0x00000000eab00000, 0x00000000eaf80000, 0x0000000100000000)
  eden space 2560K, 100% used [0x00000000eab00000,0x00000000ead80000,0x00000000ead80000)
  from space 1024K, 43% used [0x00000000eae80000,0x00000000eaef0000,0x00000000eaf80000)
  to   space 1024K, 0% used [0x00000000ead80000,0x00000000ead80000,0x00000000eae80000)
 ParOldGen       total 278528K, used 278248K [0x00000000c0000000, 0x00000000d1000000, 0x00000000eab00000)
  object space 278528K, 99% used [0x00000000c0000000,0x00000000d0fba0f0,0x00000000d1000000)
 Metaspace       used 55814K, committed 57152K, reserved 1114112K
  class space    used 5852K, committed 6464K, reserved 1048576K
}
Event: 82.176 GC heap after
{Heap after GC invocations=1379 (full 3):
 PSYoungGen      total 3584K, used 512K [0x00000000eab00000, 0x00000000eaf80000, 0x0000000100000000)
  eden space 2560K, 0% used [0x00000000eab00000,0x00000000eab00000,0x00000000ead80000)
  from space 1024K, 50% used [0x00000000ead80000,0x00000000eae00000,0x00000000eae80000)
  to   space 1024K, 0% used [0x00000000eae80000,0x00000000eae80000,0x00000000eaf80000)
 ParOldGen       total 279040K, used 278588K [0x00000000c0000000, 0x00000000d1080000, 0x00000000eab00000)
  object space 279040K, 99% used [0x00000000c0000000,0x00000000d100f100,0x00000000d1080000)
 Metaspace       used 55814K, committed 57152K, reserved 1114112K
  class space    used 5852K, committed 6464K, reserved 1048576K
}
Event: 82.190 GC heap before
{Heap before GC invocations=1380 (full 3):
 PSYoungGen      total 3584K, used 3072K [0x00000000eab00000, 0x00000000eaf80000, 0x0000000100000000)
  eden space 2560K, 100% used [0x00000000eab00000,0x00000000ead80000,0x00000000ead80000)
  from space 1024K, 50% used [0x00000000ead80000,0x00000000eae00000,0x00000000eae80000)
  to   space 1024K, 0% used [0x00000000eae80000,0x00000000eae80000,0x00000000eaf80000)
 ParOldGen       total 279040K, used 278588K [0x00000000c0000000, 0x00000000d1080000, 0x00000000eab00000)
  object space 279040K, 99% used [0x00000000c0000000,0x00000000d100f100,0x00000000d1080000)
 Metaspace       used 55831K, committed 57152K, reserved 1114112K
  class space    used 5852K, committed 6464K, reserved 1048576K
}
Event: 82.192 GC heap after
{Heap after GC invocations=1380 (full 3):
 PSYoungGen      total 3584K, used 576K [0x00000000eab00000, 0x00000000eaf80000, 0x0000000100000000)
  eden space 2560K, 0% used [0x00000000eab00000,0x00000000eab00000,0x00000000ead80000)
  from space 1024K, 56% used [0x00000000eae80000,0x00000000eaf10000,0x00000000eaf80000)
  to   space 1024K, 0% used [0x00000000ead80000,0x00000000ead80000,0x00000000eae80000)
 ParOldGen       total 279040K, used 279007K [0x00000000c0000000, 0x00000000d1080000, 0x00000000eab00000)
  object space 279040K, 99% used [0x00000000c0000000,0x00000000d1077d08,0x00000000d1080000)
 Metaspace       used 55831K, committed 57152K, reserved 1114112K
  class space    used 5852K, committed 6464K, reserved 1048576K
}
Event: 82.205 GC heap before
{Heap before GC invocations=1381 (full 3):
 PSYoungGen      total 3584K, used 3136K [0x00000000eab00000, 0x00000000eaf80000, 0x0000000100000000)
  eden space 2560K, 100% used [0x00000000eab00000,0x00000000ead80000,0x00000000ead80000)
  from space 1024K, 56% used [0x00000000eae80000,0x00000000eaf10000,0x00000000eaf80000)
  to   space 1024K, 0% used [0x00000000ead80000,0x00000000ead80000,0x00000000eae80000)
 ParOldGen       total 279040K, used 279007K [0x00000000c0000000, 0x00000000d1080000, 0x00000000eab00000)
  object space 279040K, 99% used [0x00000000c0000000,0x00000000d1077d08,0x00000000d1080000)
 Metaspace       used 55837K, committed 57216K, reserved 1114112K
  class space    used 5852K, committed 6464K, reserved 1048576K
}
Event: 82.206 GC heap after
{Heap after GC invocations=1381 (full 3):
 PSYoungGen      total 3584K, used 480K [0x00000000eab00000, 0x00000000eaf80000, 0x0000000100000000)
  eden space 2560K, 0% used [0x00000000eab00000,0x00000000eab00000,0x00000000ead80000)
  from space 1024K, 46% used [0x00000000ead80000,0x00000000eadf8000,0x00000000eae80000)
  to   space 1024K, 0% used [0x00000000eae80000,0x00000000eae80000,0x00000000eaf80000)
 ParOldGen       total 279552K, used 279447K [0x00000000c0000000, 0x00000000d1100000, 0x00000000eab00000)
  object space 279552K, 99% used [0x00000000c0000000,0x00000000d10e5d08,0x00000000d1100000)
 Metaspace       used 55837K, committed 57216K, reserved 1114112K
  class space    used 5852K, committed 6464K, reserved 1048576K
}
Event: 82.221 GC heap before
{Heap before GC invocations=1382 (full 3):
 PSYoungGen      total 3584K, used 3040K [0x00000000eab00000, 0x00000000eaf80000, 0x0000000100000000)
  eden space 2560K, 100% used [0x00000000eab00000,0x00000000ead80000,0x00000000ead80000)
  from space 1024K, 46% used [0x00000000ead80000,0x00000000eadf8000,0x00000000eae80000)
  to   space 1024K, 0% used [0x00000000eae80000,0x00000000eae80000,0x00000000eaf80000)
 ParOldGen       total 279552K, used 279447K [0x00000000c0000000, 0x00000000d1100000, 0x00000000eab00000)
  object space 279552K, 99% used [0x00000000c0000000,0x00000000d10e5d08,0x00000000d1100000)
 Metaspace       used 55849K, committed 57216K, reserved 1114112K
  class space    used 5852K, committed 6464K, reserved 1048576K
}
Event: 82.222 GC heap after
{Heap after GC invocations=1382 (full 3):
 PSYoungGen      total 3584K, used 758K [0x00000000eab00000, 0x00000000eaf80000, 0x0000000100000000)
  eden space 2560K, 0% used [0x00000000eab00000,0x00000000eab00000,0x00000000ead80000)
  from space 1024K, 74% used [0x00000000eae80000,0x00000000eaf3d808,0x00000000eaf80000)
  to   space 1024K, 0% used [0x00000000ead80000,0x00000000ead80000,0x00000000eae80000)
 ParOldGen       total 280064K, used 279783K [0x00000000c0000000, 0x00000000d1180000, 0x00000000eab00000)
  object space 280064K, 99% used [0x00000000c0000000,0x00000000d1139d08,0x00000000d1180000)
 Metaspace       used 55849K, committed 57216K, reserved 1114112K
  class space    used 5852K, committed 6464K, reserved 1048576K
}

